=== 22:33:50 ===
Progress: 3/21 reports complete
New reports found! Committing...
[main 4263ad3] Add 2 financial report(s) - 22:33
 2 files changed, 1136 insertions(+)
 create mode 100644 reports/CRWD.html
 create mode 100644 reports/PANW.html
To https://github.com/caretak3r/portfolio-analysis.git
   e04a2f5..4263ad3  main -> main
✓ Pushed to GitHub!
=== 22:34:51 ===
Progress: 4/21 reports complete
New reports found! Committing...
[main f2eaf0f] Add 1 financial report(s) - 22:34
 1 file changed, 673 insertions(+)
 create mode 100644 reports/SNPS.html
To https://github.com/caretak3r/portfolio-analysis.git
   4263ad3..f2eaf0f  main -> main
✓ Pushed to GitHub!
=== 22:35:52 ===
Progress: 4/21 reports complete
No new reports yet...
=== 22:36:52 ===
Progress: 4/21 reports complete
No new reports yet...
